<?xml version="1.0" encoding="UTF-8"?>
<!-- Generated by org.testng.reporters.JUnitXMLReporter -->
<testsuite hostname="DESKTOP-HF0T45B" ignored="18" name="Default test" tests="1" failures="0" timestamp="26 Aug 2021 12:37:25 GMT" time="7.167" errors="0">
  <testcase name="checkNewRegistration_newsletter" time="0.792" classname="thirtybees.Test.footerTest"/>
  <testcase name="verifySequanceOfMyAccountCols" time="0.0" classname="thirtybees.Test.footerTest">
    <ignored/>
  </testcase> <!-- verifySequanceOfMyAccountCols -->
  <testcase name="verifyClickOnElement_topSellers" time="0.0" classname="thirtybees.Test.footerTest">
    <ignored/>
  </testcase> <!-- verifyClickOnElement_topSellers -->
  <testcase name="checkClickOnElement_Special" time="0.0" classname="thirtybees.Test.footerTest">
    <ignored/>
  </testcase> <!-- checkClickOnElement_Special -->
  <testcase name="verifyTwitterElement" time="0.0" classname="thirtybees.Test.footerTest">
    <ignored/>
  </testcase> <!-- verifyTwitterElement -->
  <testcase name="verifyClickOnElement_newProducts" time="0.0" classname="thirtybees.Test.footerTest">
    <ignored/>
  </testcase> <!-- verifyClickOnElement_newProducts -->
  <testcase name="verifyMouseHoverFunctionalityOn_StoreInfoCols" time="0.0" classname="thirtybees.Test.footerTest">
    <ignored/>
  </testcase> <!-- verifyMouseHoverFunctionalityOn_StoreInfoCols -->
  <testcase name="verifyFooterPageHeader" time="0.0" classname="thirtybees.Test.footerTest">
    <ignored/>
  </testcase> <!-- verifyFooterPageHeader -->
  <testcase name="verifyClickOnElement_ourStore" time="0.0" classname="thirtybees.Test.footerTest">
    <ignored/>
  </testcase> <!-- verifyClickOnElement_ourStore -->
  <testcase name="verifyMouseHoverFunctionalityOn_MyAccountCols" time="0.0" classname="thirtybees.Test.footerTest">
    <ignored/>
  </testcase> <!-- verifyMouseHoverFunctionalityOn_MyAccountCols -->
  <testcase name="verifySequanceStoreInformationCols" time="0.0" classname="thirtybees.Test.footerTest">
    <ignored/>
  </testcase> <!-- verifySequanceStoreInformationCols -->
  <testcase name="verifySequanceOfinformationCols" time="0.0" classname="thirtybees.Test.footerTest">
    <ignored/>
  </testcase> <!-- verifySequanceOfinformationCols -->
  <testcase name="verifyFacebook_loginToFB" time="0.0" classname="thirtybees.Test.footerTest">
    <ignored/>
  </testcase> <!-- verifyFacebook_loginToFB -->
  <testcase name="verifyMouseHoverFunctionalityOn_InfoCols" time="0.0" classname="thirtybees.Test.footerTest">
    <ignored/>
  </testcase> <!-- verifyMouseHoverFunctionalityOn_InfoCols -->
  <testcase name="verifyClickOnElement_myAccount" time="0.0" classname="thirtybees.Test.footerTest">
    <ignored/>
  </testcase> <!-- verifyClickOnElement_myAccount -->
  <testcase name="verifyClickOnElement_myAddress" time="0.0" classname="thirtybees.Test.footerTest">
    <ignored/>
  </testcase> <!-- verifyClickOnElement_myAddress -->
  <testcase name="checkAlreadyRegister_newsletter" time="0.0" classname="thirtybees.Test.footerTest">
    <ignored/>
  </testcase> <!-- checkAlreadyRegister_newsletter -->
  <testcase name="verifyClickOnElement_Sitemap" time="0.0" classname="thirtybees.Test.footerTest">
    <ignored/>
  </testcase> <!-- verifyClickOnElement_Sitemap -->
  <testcase name="verifyClickOnElement_myCreditSleep" time="0.0" classname="thirtybees.Test.footerTest">
    <ignored/>
  </testcase> <!-- verifyClickOnElement_myCreditSleep -->
</testsuite> <!-- Default test -->
